<?xml version="1.0" encoding="UTF-8"?>
<testsuite xmlns:xsi="http://www.w3.org/2001/XMLSchema-instance" xsi:noNamespaceSchemaLocation="https://maven.apache.org/surefire/maven-surefire-plugin/xsd/surefire-test-report.xsd" name="PersonalAccountTest" time="18.3" tests="8" errors="4" skipped="0" failures="4">
  <properties>
[...]
</properties>
  <testcase name="transferToPersonalAccountSuccessTest" classname="PersonalAccountTest" time="4.608">
    <failure message="Element not found {By.xpath: //p[text()=&apos;Личный Кабинет&apos;]}&#10;Expected: visible or transparent: visible or have css value opacity=0&#10;Screenshot: file:/C:/Users/yulki/Desktop/Yandex.Praktikum/Diplom/Diplom_3/build/reports/tests/1652091319476.11.png&#10;Page source: file:/C:/Users/yulki/Desktop/Yandex.Praktikum/Diplom/Diplom_3/build/reports/tests/1652091319476.11.html&#10;Timeout: 4 s.&#10;Caused by: NoSuchElementException: no such element: Unable to locate element: {&quot;method&quot;:&quot;xpath&quot;,&quot;selector&quot;:&quot;//p[text()=&apos;Личный Кабинет&apos;]&quot;}" type="com.codeborne.selenide.ex.ElementNotFound">com.codeborne.selenide.ex.ElementNotFound: 
Element not found {By.xpath: //p[text()='Личный Кабинет']}
Expected: visible or transparent: visible or have css value opacity=0
Screenshot: file:/C:/Users/yulki/Desktop/Yandex.Praktikum/Diplom/Diplom_3/build/reports/tests/1652091319476.11.png
Page source: file:/C:/Users/yulki/Desktop/Yandex.Praktikum/Diplom/Diplom_3/build/reports/tests/1652091319476.11.html
Timeout: 4 s.
Caused by: NoSuchElementException: no such element: Unable to locate element: {"method":"xpath","selector":"//p[text()='Личный Кабинет']"}
	at PersonalAccountTest.registration(PersonalAccountTest.java:28)
Caused by: org.openqa.selenium.NoSuchElementException: 
no such element: Unable to locate element: {"method":"xpath","selector":"//p[text()='Личный Кабинет']"}
  (Session info: chrome=100.0.4896.127)
For documentation on this error, please visit: https://selenium.dev/exceptions/#no_such_element
Build info: version: '4.1.2', revision: '9a5a329c5a'
System info: host: 'DESKTOP-22G40KG', ip: '192.168.43.131', os.name: 'Windows 10', os.arch: 'amd64', os.version: '10.0', java.version: '11.0.12'
Driver info: org.openqa.selenium.chrome.ChromeDriver
Command: [4f7b833cfb42d2cfaf3432256b15d922, findElement {using=xpath, value=//p[text()='Личный Кабинет']}]
Capabilities {acceptInsecureCerts: true, browserName: chrome, browserVersion: 100.0.4896.127, chrome: {chromedriverVersion: 100.0.4896.60 (6a5d10861ce8..., userDataDir: C:\Users\yulki\AppData\Loca...}, goog:chromeOptions: {debuggerAddress: localhost:58518}, javascriptEnabled: true, networkConnectionEnabled: false, pageLoadStrategy: normal, platform: WINDOWS, platformName: WINDOWS, proxy: Proxy(), se:cdp: ws://localhost:58518/devtoo..., se:cdpVersion: 100.0.4896.127, setWindowRect: true, strictFileInteractability: false, timeouts: {implicit: 0, pageLoad: 300000, script: 30000}, unhandledPromptBehavior: dismiss and notify, webauthn:extension:credBlob: true, webauthn:extension:largeBlob: true, webauthn:virtualAuthenticators: true}
Session ID: 4f7b833cfb42d2cfaf3432256b15d922
	at PersonalAccountTest.registration(PersonalAccountTest.java:28)
</failure>
  </testcase>
  <testcase name="transferToPersonalAccountSuccessTest" classname="PersonalAccountTest" time="4.608">
    <error type="java.lang.NullPointerException">java.lang.NullPointerException
	at PersonalAccountTest.down(PersonalAccountTest.java:91)
</error>
  </testcase>
  <testcase name="switchingFromPersonalAccountToConstructorViaConstructorButtonSuccessTest" classname="PersonalAccountTest" time="4.529">
    <failure message="Element not found {By.xpath: //p[text()=&apos;Личный Кабинет&apos;]}&#10;Expected: visible or transparent: visible or have css value opacity=0&#10;Screenshot: file:/C:/Users/yulki/Desktop/Yandex.Praktikum/Diplom/Diplom_3/build/reports/tests/1652091324075.12.png&#10;Page source: file:/C:/Users/yulki/Desktop/Yandex.Praktikum/Diplom/Diplom_3/build/reports/tests/1652091324075.12.html&#10;Timeout: 4 s.&#10;Caused by: NoSuchElementException: no such element: Unable to locate element: {&quot;method&quot;:&quot;xpath&quot;,&quot;selector&quot;:&quot;//p[text()=&apos;Личный Кабинет&apos;]&quot;}" type="com.codeborne.selenide.ex.ElementNotFound">com.codeborne.selenide.ex.ElementNotFound: 
Element not found {By.xpath: //p[text()='Личный Кабинет']}
Expected: visible or transparent: visible or have css value opacity=0
Screenshot: file:/C:/Users/yulki/Desktop/Yandex.Praktikum/Diplom/Diplom_3/build/reports/tests/1652091324075.12.png
Page source: file:/C:/Users/yulki/Desktop/Yandex.Praktikum/Diplom/Diplom_3/build/reports/tests/1652091324075.12.html
Timeout: 4 s.
Caused by: NoSuchElementException: no such element: Unable to locate element: {"method":"xpath","selector":"//p[text()='Личный Кабинет']"}
	at PersonalAccountTest.registration(PersonalAccountTest.java:28)
Caused by: org.openqa.selenium.NoSuchElementException: 
no such element: Unable to locate element: {"method":"xpath","selector":"//p[text()='Личный Кабинет']"}
  (Session info: chrome=100.0.4896.127)
For documentation on this error, please visit: https://selenium.dev/exceptions/#no_such_element
Build info: version: '4.1.2', revision: '9a5a329c5a'
System info: host: 'DESKTOP-22G40KG', ip: '192.168.43.131', os.name: 'Windows 10', os.arch: 'amd64', os.version: '10.0', java.version: '11.0.12'
Driver info: org.openqa.selenium.chrome.ChromeDriver
Command: [4f7b833cfb42d2cfaf3432256b15d922, findElement {using=xpath, value=//p[text()='Личный Кабинет']}]
Capabilities {acceptInsecureCerts: true, browserName: chrome, browserVersion: 100.0.4896.127, chrome: {chromedriverVersion: 100.0.4896.60 (6a5d10861ce8..., userDataDir: C:\Users\yulki\AppData\Loca...}, goog:chromeOptions: {debuggerAddress: localhost:58518}, javascriptEnabled: true, networkConnectionEnabled: false, pageLoadStrategy: normal, platform: WINDOWS, platformName: WINDOWS, proxy: Proxy(), se:cdp: ws://localhost:58518/devtoo..., se:cdpVersion: 100.0.4896.127, setWindowRect: true, strictFileInteractability: false, timeouts: {implicit: 0, pageLoad: 300000, script: 30000}, unhandledPromptBehavior: dismiss and notify, webauthn:extension:credBlob: true, webauthn:extension:largeBlob: true, webauthn:virtualAuthenticators: true}
Session ID: 4f7b833cfb42d2cfaf3432256b15d922
	at PersonalAccountTest.registration(PersonalAccountTest.java:28)
</failure>
  </testcase>
  <testcase name="switchingFromPersonalAccountToConstructorViaConstructorButtonSuccessTest" classname="PersonalAccountTest" time="4.529">
    <error type="java.lang.NullPointerException">java.lang.NullPointerException
	at PersonalAccountTest.down(PersonalAccountTest.java:91)
</error>
  </testcase>
  <testcase name="logoutFromAccountSuccessTest" classname="PersonalAccountTest" time="4.528">
    <failure message="Element not found {By.xpath: //p[text()=&apos;Личный Кабинет&apos;]}&#10;Expected: visible or transparent: visible or have css value opacity=0&#10;Screenshot: file:/C:/Users/yulki/Desktop/Yandex.Praktikum/Diplom/Diplom_3/build/reports/tests/1652091328638.13.png&#10;Page source: file:/C:/Users/yulki/Desktop/Yandex.Praktikum/Diplom/Diplom_3/build/reports/tests/1652091328638.13.html&#10;Timeout: 4 s.&#10;Caused by: NoSuchElementException: no such element: Unable to locate element: {&quot;method&quot;:&quot;xpath&quot;,&quot;selector&quot;:&quot;//p[text()=&apos;Личный Кабинет&apos;]&quot;}" type="com.codeborne.selenide.ex.ElementNotFound">com.codeborne.selenide.ex.ElementNotFound: 
Element not found {By.xpath: //p[text()='Личный Кабинет']}
Expected: visible or transparent: visible or have css value opacity=0
Screenshot: file:/C:/Users/yulki/Desktop/Yandex.Praktikum/Diplom/Diplom_3/build/reports/tests/1652091328638.13.png
Page source: file:/C:/Users/yulki/Desktop/Yandex.Praktikum/Diplom/Diplom_3/build/reports/tests/1652091328638.13.html
Timeout: 4 s.
Caused by: NoSuchElementException: no such element: Unable to locate element: {"method":"xpath","selector":"//p[text()='Личный Кабинет']"}
	at PersonalAccountTest.registration(PersonalAccountTest.java:28)
Caused by: org.openqa.selenium.NoSuchElementException: 
no such element: Unable to locate element: {"method":"xpath","selector":"//p[text()='Личный Кабинет']"}
  (Session info: chrome=100.0.4896.127)
For documentation on this error, please visit: https://selenium.dev/exceptions/#no_such_element
Build info: version: '4.1.2', revision: '9a5a329c5a'
System info: host: 'DESKTOP-22G40KG', ip: '192.168.43.131', os.name: 'Windows 10', os.arch: 'amd64', os.version: '10.0', java.version: '11.0.12'
Driver info: org.openqa.selenium.chrome.ChromeDriver
Command: [4f7b833cfb42d2cfaf3432256b15d922, findElement {using=xpath, value=//p[text()='Личный Кабинет']}]
Capabilities {acceptInsecureCerts: true, browserName: chrome, browserVersion: 100.0.4896.127, chrome: {chromedriverVersion: 100.0.4896.60 (6a5d10861ce8..., userDataDir: C:\Users\yulki\AppData\Loca...}, goog:chromeOptions: {debuggerAddress: localhost:58518}, javascriptEnabled: true, networkConnectionEnabled: false, pageLoadStrategy: normal, platform: WINDOWS, platformName: WINDOWS, proxy: Proxy(), se:cdp: ws://localhost:58518/devtoo..., se:cdpVersion: 100.0.4896.127, setWindowRect: true, strictFileInteractability: false, timeouts: {implicit: 0, pageLoad: 300000, script: 30000}, unhandledPromptBehavior: dismiss and notify, webauthn:extension:credBlob: true, webauthn:extension:largeBlob: true, webauthn:virtualAuthenticators: true}
Session ID: 4f7b833cfb42d2cfaf3432256b15d922
	at PersonalAccountTest.registration(PersonalAccountTest.java:28)
</failure>
  </testcase>
  <testcase name="logoutFromAccountSuccessTest" classname="PersonalAccountTest" time="4.529">
    <error type="java.lang.NullPointerException">java.lang.NullPointerException
	at PersonalAccountTest.down(PersonalAccountTest.java:91)
</error>
  </testcase>
  <testcase name="switchingFromPersonalAccountToConstructorViaLogoSuccessTest" classname="PersonalAccountTest" time="4.613">
    <failure message="Element not found {By.xpath: //p[text()=&apos;Личный Кабинет&apos;]}&#10;Expected: visible or transparent: visible or have css value opacity=0&#10;Screenshot: file:/C:/Users/yulki/Desktop/Yandex.Praktikum/Diplom/Diplom_3/build/reports/tests/1652091333129.14.png&#10;Page source: file:/C:/Users/yulki/Desktop/Yandex.Praktikum/Diplom/Diplom_3/build/reports/tests/1652091333129.14.html&#10;Timeout: 4 s.&#10;Caused by: NoSuchElementException: no such element: Unable to locate element: {&quot;method&quot;:&quot;xpath&quot;,&quot;selector&quot;:&quot;//p[text()=&apos;Личный Кабинет&apos;]&quot;}" type="com.codeborne.selenide.ex.ElementNotFound">com.codeborne.selenide.ex.ElementNotFound: 
Element not found {By.xpath: //p[text()='Личный Кабинет']}
Expected: visible or transparent: visible or have css value opacity=0
Screenshot: file:/C:/Users/yulki/Desktop/Yandex.Praktikum/Diplom/Diplom_3/build/reports/tests/1652091333129.14.png
Page source: file:/C:/Users/yulki/Desktop/Yandex.Praktikum/Diplom/Diplom_3/build/reports/tests/1652091333129.14.html
Timeout: 4 s.
Caused by: NoSuchElementException: no such element: Unable to locate element: {"method":"xpath","selector":"//p[text()='Личный Кабинет']"}
	at PersonalAccountTest.registration(PersonalAccountTest.java:28)
Caused by: org.openqa.selenium.NoSuchElementException: 
no such element: Unable to locate element: {"method":"xpath","selector":"//p[text()='Личный Кабинет']"}
  (Session info: chrome=100.0.4896.127)
For documentation on this error, please visit: https://selenium.dev/exceptions/#no_such_element
Build info: version: '4.1.2', revision: '9a5a329c5a'
System info: host: 'DESKTOP-22G40KG', ip: '192.168.43.131', os.name: 'Windows 10', os.arch: 'amd64', os.version: '10.0', java.version: '11.0.12'
Driver info: org.openqa.selenium.chrome.ChromeDriver
Command: [4f7b833cfb42d2cfaf3432256b15d922, findElement {using=xpath, value=//p[text()='Личный Кабинет']}]
Capabilities {acceptInsecureCerts: true, browserName: chrome, browserVersion: 100.0.4896.127, chrome: {chromedriverVersion: 100.0.4896.60 (6a5d10861ce8..., userDataDir: C:\Users\yulki\AppData\Loca...}, goog:chromeOptions: {debuggerAddress: localhost:58518}, javascriptEnabled: true, networkConnectionEnabled: false, pageLoadStrategy: normal, platform: WINDOWS, platformName: WINDOWS, proxy: Proxy(), se:cdp: ws://localhost:58518/devtoo..., se:cdpVersion: 100.0.4896.127, setWindowRect: true, strictFileInteractability: false, timeouts: {implicit: 0, pageLoad: 300000, script: 30000}, unhandledPromptBehavior: dismiss and notify, webauthn:extension:credBlob: true, webauthn:extension:largeBlob: true, webauthn:virtualAuthenticators: true}
Session ID: 4f7b833cfb42d2cfaf3432256b15d922
	at PersonalAccountTest.registration(PersonalAccountTest.java:28)
</failure>
  </testcase>
  <testcase name="switchingFromPersonalAccountToConstructorViaLogoSuccessTest" classname="PersonalAccountTest" time="4.613">
    <error type="java.lang.NullPointerException">java.lang.NullPointerException
	at PersonalAccountTest.down(PersonalAccountTest.java:91)
</error>
  </testcase>
</testsuite>